# JRE version: OpenJDK Runtime Environment (16.0.1+9) (build 16.0.1+9-24)
# Java VM: OpenJDK 64-Bit Server VM (16.0.1+9-24, mixed mode, sharing, tiered, compressed oops, compressed class ptrs, g1 gc, windows-amd64)
GC Precious Log:
 CPUs: 4 total, 4 available
 Memory: 8140M
 Large Page Support: Disabled
 NUMA Support: Disabled
 Compressed Oops: Enabled (32-bit)
 Heap Region Size: 1M
 Heap Min Capacity: 8M
 Heap Initial Capacity: 128M
 Heap Max Capacity: 1G
 Pre-touch: Disabled
 Parallel Workers: 4
 Concurrent Workers: 1
 Concurrent Refinement Workers: 4
 Periodic GC: Disabled
Heap:
 garbage-first heap   total 78848K, used 32091K [0x00000000c0000000, 0x0000000100000000)
  region size 1024K, 4 young (4096K), 2 survivors (2048K)
 Metaspace       used 35919K, committed 36288K, reserved 1081344K
  class space    used 4854K, committed 5056K, reserved 1048576K
GC Heap History (18 events):
Event: 2.940 GC heap before
{Heap before GC invocations=0 (full 0):
 garbage-first heap   total 131072K, used 15360K [0x00000000c0000000, 0x0000000100000000)
  region size 1024K, 13 young (13312K), 0 survivors (0K)
 Metaspace       used 1156K, committed 1216K, reserved 1056768K
  class space    used 93K, committed 128K, reserved 1048576K
}
Event: 2.969 GC heap after
{Heap after GC invocations=1 (full 0):
 garbage-first heap   total 131072K, used 2570K [0x00000000c0000000, 0x0000000100000000)
  region size 1024K, 2 young (2048K), 2 survivors (2048K)
 Metaspace       used 1156K, committed 1216K, reserved 1056768K
  class space    used 93K, committed 128K, reserved 1048576K
}
Event: 4.096 GC heap before
{Heap before GC invocations=1 (full 0):
 garbage-first heap   total 131072K, used 22026K [0x00000000c0000000, 0x0000000100000000)
  region size 1024K, 19 young (19456K), 2 survivors (2048K)
 Metaspace       used 3307K, committed 3520K, reserved 1056768K
  class space    used 398K, committed 512K, reserved 1048576K
}
Event: 4.101 GC heap after
{Heap after GC invocations=2 (full 0):
 garbage-first heap   total 131072K, used 9448K [0x00000000c0000000, 0x0000000100000000)
  region size 1024K, 3 young (3072K), 3 survivors (3072K)
 Metaspace       used 3307K, committed 3520K, reserved 1056768K
  class space    used 398K, committed 512K, reserved 1048576K
}
Event: 4.523 GC heap before
{Heap before GC invocations=2 (full 0):
 garbage-first heap   total 131072K, used 34024K [0x00000000c0000000, 0x0000000100000000)
  region size 1024K, 27 young (27648K), 3 survivors (3072K)
 Metaspace       used 4159K, committed 4352K, reserved 1056768K
  class space    used 494K, committed 576K, reserved 1048576K
}
Event: 4.525 GC heap after
{Heap after GC invocations=3 (full 0):
 garbage-first heap   total 131072K, used 9986K [0x00000000c0000000, 0x0000000100000000)
  region size 1024K, 1 young (1024K), 1 survivors (1024K)
 Metaspace       used 4159K, committed 4352K, reserved 1056768K
  class space    used 494K, committed 576K, reserved 1048576K
}
Event: 9.500 GC heap before
{Heap before GC invocations=3 (full 0):
 garbage-first heap   total 131072K, used 87810K [0x00000000c0000000, 0x0000000100000000)
  region size 1024K, 76 young (77824K), 1 survivors (1024K)
 Metaspace       used 14284K, committed 14592K, reserved 1064960K
  class space    used 2037K, committed 2176K, reserved 1048576K
}
Event: 9.507 GC heap after
{Heap after GC invocations=4 (full 0):
 garbage-first heap   total 131072K, used 18283K [0x00000000c0000000, 0x0000000100000000)
  region size 1024K, 9 young (9216K), 9 survivors (9216K)
 Metaspace       used 14284K, committed 14592K, reserved 1064960K
  class space    used 2037K, committed 2176K, reserved 1048576K
}
Event: 12.779 GC heap before
{Heap before GC invocations=4 (full 0):
 garbage-first heap   total 131072K, used 67435K [0x00000000c0000000, 0x0000000100000000)
  region size 1024K, 59 young (60416K), 9 survivors (9216K)
 Metaspace       used 21028K, committed 21248K, reserved 1073152K
  class space    used 3095K, committed 3200K, reserved 1048576K
}
Event: 12.787 GC heap after
{Heap after GC invocations=5 (full 0):
 garbage-first heap   total 131072K, used 21020K [0x00000000c0000000, 0x0000000100000000)
  region size 1024K, 3 young (3072K), 3 survivors (3072K)
 Metaspace       used 21028K, committed 21248K, reserved 1073152K
  class space    used 3095K, committed 3200K, reserved 1048576K
}
Event: 16.212 GC heap before
{Heap before GC invocations=6 (full 0):
 garbage-first heap   total 78848K, used 64028K [0x00000000c0000000, 0x0000000100000000)
  region size 1024K, 46 young (47104K), 3 survivors (3072K)
 Metaspace       used 28173K, committed 28544K, reserved 1081344K
  class space    used 3925K, committed 4096K, reserved 1048576K
}
Event: 16.219 GC heap after
{Heap after GC invocations=7 (full 0):
 garbage-first heap   total 78848K, used 25977K [0x00000000c0000000, 0x0000000100000000)
  region size 1024K, 6 young (6144K), 6 survivors (6144K)
 Metaspace       used 28173K, committed 28544K, reserved 1081344K
  class space    used 3925K, committed 4096K, reserved 1048576K
}
Event: 17.215 GC heap before
{Heap before GC invocations=7 (full 0):
 garbage-first heap   total 78848K, used 61817K [0x00000000c0000000, 0x0000000100000000)
  region size 1024K, 38 young (38912K), 6 survivors (6144K)
 Metaspace       used 30875K, committed 31360K, reserved 1081344K
  class space    used 4191K, committed 4416K, reserved 1048576K
}
Event: 17.225 GC heap after
{Heap after GC invocations=8 (full 0):
 garbage-first heap   total 78848K, used 29283K [0x00000000c0000000, 0x0000000100000000)
  region size 1024K, 4 young (4096K), 4 survivors (4096K)
 Metaspace       used 30875K, committed 31360K, reserved 1081344K
  class space    used 4191K, committed 4416K, reserved 1048576K
}
Event: 18.281 GC heap before
{Heap before GC invocations=8 (full 0):
 garbage-first heap   total 78848K, used 60003K [0x00000000c0000000, 0x0000000100000000)
  region size 1024K, 34 young (34816K), 4 survivors (4096K)
 Metaspace       used 35074K, committed 35456K, reserved 1081344K
  class space    used 4728K, committed 4928K, reserved 1048576K
}
Event: 18.285 GC heap after
{Heap after GC invocations=9 (full 0):
 garbage-first heap   total 78848K, used 31064K [0x00000000c0000000, 0x0000000100000000)
  region size 1024K, 2 young (2048K), 2 survivors (2048K)
 Metaspace       used 35074K, committed 35456K, reserved 1081344K
  class space    used 4728K, committed 4928K, reserved 1048576K
}
Event: 18.521 GC heap before
{Heap before GC invocations=9 (full 0):
 garbage-first heap   total 78848K, used 35160K [0x00000000c0000000, 0x0000000100000000)
  region size 1024K, 7 young (7168K), 2 survivors (2048K)
 Metaspace       used 35613K, committed 35968K, reserved 1081344K
  class space    used 4814K, committed 4992K, reserved 1048576K
}
Event: 18.523 GC heap after
{Heap after GC invocations=10 (full 0):
 garbage-first heap   total 78848K, used 31067K [0x00000000c0000000, 0x0000000100000000)
  region size 1024K, 2 young (2048K), 2 survivors (2048K)
 Metaspace       used 35613K, committed 35968K, reserved 1081344K
  class space    used 4814K, committed 4992K, reserved 1048576K
}

